c:\users\zeptobst\desktop\harrypotter2-neolauncher-main\harrypotter2-neolauncher-main\debug\vc142.pdb
c:\users\zeptobst\desktop\harrypotter2-neolauncher-main\harrypotter2-neolauncher-main\debug\vc142.idb
c:\users\zeptobst\desktop\harrypotter2-neolauncher-main\harrypotter2-neolauncher-main\debug\aboutwindow.obj
c:\users\zeptobst\desktop\harrypotter2-neolauncher-main\harrypotter2-neolauncher-main\debug\functions.obj
c:\users\zeptobst\desktop\harrypotter2-neolauncher-main\harrypotter2-neolauncher-main\debug\ini.obj
c:\users\zeptobst\desktop\harrypotter2-neolauncher-main\harrypotter2-neolauncher-main\debug\labels.obj
c:\users\zeptobst\desktop\harrypotter2-neolauncher-main\harrypotter2-neolauncher-main\debug\main.obj
c:\users\zeptobst\desktop\harrypotter2-neolauncher-main\harrypotter2-neolauncher-main\debug\mainwindow.obj
c:\users\zeptobst\desktop\harrypotter2-neolauncher-main\harrypotter2-neolauncher-main\debug\menus.obj
c:\users\zeptobst\desktop\harrypotter2-neolauncher-main\harrypotter2-neolauncher-main\debug\type.obj
c:\users\zeptobst\desktop\harrypotter2-neolauncher-main\harrypotter2-neolauncher-main\debug\bb.ilk
c:\users\zeptobst\desktop\harrypotter2-neolauncher-main\harrypotter2-neolauncher-main\debug\hp2.exe
c:\users\zeptobst\desktop\harrypotter2-neolauncher-main\harrypotter2-neolauncher-main\debug\hp2.pdb
c:\users\zeptobst\desktop\harrypotter2-neolauncher-main\harrypotter2-neolauncher-main\debug\hp2.ilk
c:\users\zeptobst\desktop\harrypotter2-neolauncher-main\harrypotter2-neolauncher-main\debug\bb.tlog\cl.command.1.tlog
c:\users\zeptobst\desktop\harrypotter2-neolauncher-main\harrypotter2-neolauncher-main\debug\bb.tlog\cl.read.1.tlog
c:\users\zeptobst\desktop\harrypotter2-neolauncher-main\harrypotter2-neolauncher-main\debug\bb.tlog\cl.write.1.tlog
c:\users\zeptobst\desktop\harrypotter2-neolauncher-main\harrypotter2-neolauncher-main\debug\bb.tlog\link.command.1.tlog
c:\users\zeptobst\desktop\harrypotter2-neolauncher-main\harrypotter2-neolauncher-main\debug\bb.tlog\link.read.1.tlog
c:\users\zeptobst\desktop\harrypotter2-neolauncher-main\harrypotter2-neolauncher-main\debug\bb.tlog\link.write.1.tlog
